<?xml version="1.0" encoding="UTF-8"?>
<testng-results ignored="0" total="1" passed="1" failed="0" skipped="0">
  <reporter-output>
  </reporter-output>
  <suite started-at="2025-03-03T17:55:40 IST" name="Failed suite [Suite]" finished-at="2025-03-03T17:55:51 IST" duration-ms="11115">
    <groups>
      <group name="smokeTest">
        <method signature="CreateOrgTest.createOrgTest()[pri:0, instance:com.crm.comcast.orgbatchtest.CreateOrgTest@587e5365]" name="createOrgTest" class="com.crm.comcast.orgbatchtest.CreateOrgTest"/>
      </group> <!-- smokeTest -->
    </groups>
    <test started-at="2025-03-03T17:55:40 IST" name="Test(failed)" finished-at="2025-03-03T17:55:51 IST" duration-ms="11115">
      <class name="com.crm.comcast.orgbatchtest.CreateOrgTest">
        <test-method is-config="true" signature="configBS()[pri:0, instance:com.crm.comcast.orgbatchtest.CreateOrgTest@587e5365]" started-at="2025-03-03T17:55:40 IST" name="configBS" finished-at="2025-03-03T17:55:40 IST" duration-ms="33" status="PASS">
          <reporter-output>
          </reporter-output>
        </test-method> <!-- configBS -->
        <test-method is-config="true" signature="configBC()[pri:0, instance:com.crm.comcast.orgbatchtest.CreateOrgTest@587e5365]" started-at="2025-03-03T17:55:40 IST" name="configBC" finished-at="2025-03-03T17:55:44 IST" duration-ms="4160" status="PASS">
          <reporter-output>
          </reporter-output>
        </test-method> <!-- configBC -->
        <test-method is-config="true" signature="configBM()[pri:0, instance:com.crm.comcast.orgbatchtest.CreateOrgTest@587e5365]" started-at="2025-03-03T17:55:44 IST" name="configBM" finished-at="2025-03-03T17:55:46 IST" duration-ms="1955" status="PASS">
          <reporter-output>
          </reporter-output>
        </test-method> <!-- configBM -->
        <test-method signature="createOrgTest()[pri:0, instance:com.crm.comcast.orgbatchtest.CreateOrgTest@587e5365]" started-at="2025-03-03T17:55:46 IST" name="createOrgTest" finished-at="2025-03-03T17:55:50 IST" duration-ms="3906" status="PASS">
          <reporter-output>
          </reporter-output>
        </test-method> <!-- createOrgTest -->
        <test-method is-config="true" signature="configAM()[pri:0, instance:com.crm.comcast.orgbatchtest.CreateOrgTest@587e5365]" started-at="2025-03-03T17:55:50 IST" name="configAM" finished-at="2025-03-03T17:55:51 IST" duration-ms="744" status="PASS">
          <reporter-output>
          </reporter-output>
        </test-method> <!-- configAM -->
        <test-method is-config="true" signature="configAC()[pri:0, instance:com.crm.comcast.orgbatchtest.CreateOrgTest@587e5365]" started-at="2025-03-03T17:55:51 IST" name="configAC" finished-at="2025-03-03T17:55:51 IST" duration-ms="274" status="PASS">
          <reporter-output>
          </reporter-output>
        </test-method> <!-- configAC -->
        <test-method is-config="true" signature="configAS()[pri:0, instance:com.crm.comcast.orgbatchtest.CreateOrgTest@587e5365]" started-at="2025-03-03T17:55:51 IST" name="configAS" finished-at="2025-03-03T17:55:51 IST" duration-ms="0" status="PASS">
          <reporter-output>
          </reporter-output>
        </test-method> <!-- configAS -->
      </class> <!-- com.crm.comcast.orgbatchtest.CreateOrgTest -->
    </test> <!-- Test(failed) -->
  </suite> <!-- Failed suite [Suite] -->
</testng-results>
