<?xml version="1.0" encoding="UTF-8"?>
<!-- Generated by org.testng.reporters.JUnitXMLReporter -->
<testsuite ignored="2" hostname="LAPTOP-K322O225" failures="1" tests="1" name="Test" time="14.779" errors="0" timestamp="2025-03-03T17:32:21 IST">
  <testcase classname="com.crm.comcast.orgbatchtest.CreateOrgTest" name="createOrgTest" time="4.542">
    <failure type="java.lang.AssertionError" message="expected [true] but found [false]">
      <![CDATA[java.lang.AssertionError: expected [true] but found [false]
at com.crm.comcast.orgbatchtest.CreateOrgTest.createOrgTest(CreateOrgTest.java:35)
at java.base/java.util.ArrayList.forEach(ArrayList.java:1597)
... Removed 32 stack frames]]>
    </failure>
  </testcase> <!-- createOrgTest -->
  <testcase classname="com.crm.comcast.orgbatchtest.CreateOrgTest" name="createOrgWithPhnno" time="0.0">
    <ignored/>
  </testcase> <!-- createOrgWithPhnno -->
  <testcase classname="com.crm.comcast.orgbatchtest.CreateOrgTest" name="createOrgWithIndustry" time="0.0">
    <ignored/>
  </testcase> <!-- createOrgWithIndustry -->
</testsuite> <!-- Test -->
