<?xml version="1.0" encoding="UTF-8"?>
<!-- Generated by org.testng.reporters.JUnitXMLReporter -->
<testsuite ignored="0" hostname="LAPTOP-K322O225" failures="0" tests="3" name="Test 1" time="20.833" errors="0" timestamp="2025-02-27T16:39:07 IST">
  <testcase classname="com.crm.comcast.orgbatchtest.CreateOrgTest" name="createOrgTest" time="4.052"/>
  <testcase classname="com.crm.comcast.orgbatchtest.CreateOrgTest" name="createOrgWithIndustry" time="3.817"/>
  <testcase classname="com.crm.comcast.orgbatchtest.CreateOrgTest" name="createOrgWithPhnno" time="3.865"/>
</testsuite> <!-- Test 1 -->
