<?xml version="1.0" encoding="UTF-8"?>
<!-- Generated by org.testng.reporters.JUnitXMLReporter -->
<testsuite ignored="0" hostname="LAPTOP-K322O225" failures="0" tests="3" name="Test 2" time="29.227" errors="0" timestamp="2025-02-27T16:39:16 IST">
  <testcase classname="com.crm.comcast.contactbatchtest.CreateContactTest" name="createContactTest" time="3.918"/>
  <testcase classname="com.crm.comcast.contactbatchtest.CreateContactTest" name="createContactWithOrgTest" time="12.504"/>
  <testcase classname="com.crm.comcast.contactbatchtest.CreateContactTest" name="createContactWithSupportDate" time="3.675"/>
</testsuite> <!-- Test 2 -->
