<?xml version="1.0" encoding="UTF-8"?>
<!-- Generated by org.testng.reporters.JUnitXMLReporter -->
<testsuite ignored="2" hostname="LAPTOP-K322O225" failures="0" tests="6" name="Test1" time="50.127" errors="0" timestamp="2025-03-01T14:43:00 IST">
  <testcase classname="com.crm.comcast.contactbatchtest.CreateContactTest" name="createContactTest" time="5.566"/>
  <testcase classname="com.crm.comcast.contactbatchtest.CreateContactTest" name="createContactWithOrgTest" time="11.471"/>
  <testcase classname="com.crm.comcast.contactbatchtest.CreateContactTest" name="createContactWithSupportDate" time="4.187"/>
  <testcase classname="com.crm.comcast.orgbatchtest.CreateOrgTest" name="createOrgTest" time="4.168"/>
  <testcase classname="com.crm.comcast.orgbatchtest.CreateOrgTest" name="createOrgWithIndustry" time="4.179"/>
  <testcase classname="com.crm.comcast.orgbatchtest.CreateOrgTest" name="createOrgWithPhnno" time="3.508"/>
  <testcase classname="com.crm.generic.baseutility.BaseClass" name="@BeforeSuite configBS" time="0.0">
    <ignored/>
  </testcase> <!-- @BeforeSuite configBS -->
  <testcase classname="com.crm.generic.baseutility.BaseClass" name="@AfterSuite configAS" time="0.0">
    <ignored/>
  </testcase> <!-- @AfterSuite configAS -->
</testsuite> <!-- Test1 -->
