<?xml version="1.0" encoding="UTF-8"?>
<!-- Generated by org.testng.reporters.JUnitXMLReporter -->
<testsuite ignored="2" hostname="LAPTOP-K322O225" failures="0" tests="6" name="Test2" time="54.368" errors="0" timestamp="2025-03-01T14:43:04 IST">
  <testcase classname="com.crm.comcast.contactbatchtest.CreateContactTest" name="createContactTest" time="3.676"/>
  <testcase classname="com.crm.comcast.contactbatchtest.CreateContactTest" name="createContactWithOrgTest" time="11.605"/>
  <testcase classname="com.crm.comcast.contactbatchtest.CreateContactTest" name="createContactWithSupportDate" time="3.973"/>
  <testcase classname="com.crm.comcast.orgbatchtest.CreateOrgTest" name="createOrgTest" time="3.82"/>
  <testcase classname="com.crm.comcast.orgbatchtest.CreateOrgTest" name="createOrgWithIndustry" time="3.827"/>
  <testcase classname="com.crm.comcast.orgbatchtest.CreateOrgTest" name="createOrgWithPhnno" time="3.653"/>
  <testcase classname="com.crm.generic.baseutility.BaseClass" name="@BeforeSuite configBS" time="0.0">
    <ignored/>
  </testcase> <!-- @BeforeSuite configBS -->
  <testcase classname="com.crm.generic.baseutility.BaseClass" name="@AfterSuite configAS" time="0.0">
    <ignored/>
  </testcase> <!-- @AfterSuite configAS -->
</testsuite> <!-- Test2 -->
