<?xml version="1.0" encoding="UTF-8"?>
<!-- Generated by org.testng.reporters.JUnitXMLReporter -->
<testsuite ignored="2" hostname="LAPTOP-K322O225" failures="0" tests="1" name="Test(failed)" time="11.115" errors="0" timestamp="2025-03-03T17:55:51 IST">
  <testcase classname="com.crm.comcast.orgbatchtest.CreateOrgTest" name="createOrgTest" time="3.906"/>
  <testcase classname="com.crm.comcast.orgbatchtest.CreateOrgTest" name="createOrgWithPhnno" time="0.0">
    <ignored/>
  </testcase> <!-- createOrgWithPhnno -->
  <testcase classname="com.crm.comcast.orgbatchtest.CreateOrgTest" name="createOrgWithIndustry" time="0.0">
    <ignored/>
  </testcase> <!-- createOrgWithIndustry -->
</testsuite> <!-- Test(failed) -->
